 Time (ps):           0.000000  Step: 0 Frame: 0
 Time (ps):           4.000000  Step: 2000 Frame: 1
 Time (ps):           8.000000  Step: 4000 Frame: 2
 Time (ps):          12.000000  Step: 6000 Frame: 3
 Time (ps):          16.000000  Step: 8000 Frame: 4
 Time (ps):          20.000000  Step: 10000 Frame: 5
 Time (ps):          24.000000  Step: 12000 Frame: 6
 Time (ps):          28.000000  Step: 14000 Frame: 7
 Time (ps):          32.000000  Step: 16000 Frame: 8
 Time (ps):          36.000000  Step: 18000 Frame: 9
 Time (ps):          40.000000  Step: 20000 Frame: 10
 Time (ps):          44.000000  Step: 22000 Frame: 11
 Time (ps):          48.000000  Step: 24000 Frame: 12
 Time (ps):          52.000000  Step: 26000 Frame: 13
 Time (ps):          56.000000  Step: 28000 Frame: 14
 Time (ps):          60.000000  Step: 30000 Frame: 15
 Time (ps):          64.000000  Step: 32000 Frame: 16
 Time (ps):          68.000000  Step: 34000 Frame: 17
 Time (ps):          72.000000  Step: 36000 Frame: 18
 Time (ps):          76.000000  Step: 38000 Frame: 19
 Time (ps):          80.000000  Step: 40000 Frame: 20
 Time (ps):          84.000000  Step: 42000 Frame: 21
 Time (ps):          88.000000  Step: 44000 Frame: 22
 Time (ps):          92.000000  Step: 46000 Frame: 23
 Time (ps):          96.000000  Step: 48000 Frame: 24
 Time (ps):         100.000000  Step: 50000 Frame: 25
 Time (ps):         104.000000  Step: 52000 Frame: 26
 Time (ps):         108.000000  Step: 54000 Frame: 27
 Time (ps):         112.000000  Step: 56000 Frame: 28
 Time (ps):         116.000000  Step: 58000 Frame: 29
 Time (ps):         120.000000  Step: 60000 Frame: 30
 Time (ps):         124.000000  Step: 62000 Frame: 31
 Time (ps):         128.000000  Step: 64000 Frame: 32
 Time (ps):         132.000000  Step: 66000 Frame: 33
 Time (ps):         136.000000  Step: 68000 Frame: 34
 Time (ps):         140.000000  Step: 70000 Frame: 35
 Time (ps):         144.000000  Step: 72000 Frame: 36
 Time (ps):         148.000000  Step: 74000 Frame: 37
 Time (ps):         152.000000  Step: 76000 Frame: 38
 Time (ps):         156.000000  Step: 78000 Frame: 39
 Time (ps):         160.000000  Step: 80000 Frame: 40
 Time (ps):         164.000000  Step: 82000 Frame: 41
 Time (ps):         168.000000  Step: 84000 Frame: 42
 Time (ps):         172.000000  Step: 86000 Frame: 43
 Time (ps):         176.000000  Step: 88000 Frame: 44
 Time (ps):         180.000000  Step: 90000 Frame: 45
 Time (ps):         184.000000  Step: 92000 Frame: 46
 Time (ps):         188.000000  Step: 94000 Frame: 47
 Time (ps):         192.000000  Step: 96000 Frame: 48
 Time (ps):         196.000000  Step: 98000 Frame: 49
 Time (ps):         200.000000  Step: 100000 Frame: 50
 Time (ps):         204.000000  Step: 102000 Frame: 51
 Time (ps):         208.000000  Step: 104000 Frame: 52
 Time (ps):         212.000000  Step: 106000 Frame: 53
 Time (ps):         216.000000  Step: 108000 Frame: 54
 Time (ps):         220.000000  Step: 110000 Frame: 55
 Time (ps):         224.000000  Step: 112000 Frame: 56
 Time (ps):         228.000000  Step: 114000 Frame: 57
 Time (ps):         232.000000  Step: 116000 Frame: 58
 Time (ps):         236.000000  Step: 118000 Frame: 59
 Time (ps):         240.000000  Step: 120000 Frame: 60
 Time (ps):         244.000000  Step: 122000 Frame: 61
 Time (ps):         248.000000  Step: 124000 Frame: 62
 Time (ps):         252.000000  Step: 126000 Frame: 63
 Time (ps):         256.000000  Step: 128000 Frame: 64
 Time (ps):         260.000000  Step: 130000 Frame: 65
 Time (ps):         264.000000  Step: 132000 Frame: 66
 Time (ps):         268.000000  Step: 134000 Frame: 67
 Time (ps):         272.000000  Step: 136000 Frame: 68
 Time (ps):         276.000000  Step: 138000 Frame: 69
 Time (ps):         280.000000  Step: 140000 Frame: 70
 Time (ps):         284.000000  Step: 142000 Frame: 71
 Time (ps):         288.000000  Step: 144000 Frame: 72
 Time (ps):         292.000000  Step: 146000 Frame: 73
 Time (ps):         296.000000  Step: 148000 Frame: 74
 Time (ps):         300.000000  Step: 150000 Frame: 75
 Time (ps):         304.000000  Step: 152000 Frame: 76
 Time (ps):         308.000000  Step: 154000 Frame: 77
 Time (ps):         312.000000  Step: 156000 Frame: 78
 Time (ps):         316.000000  Step: 158000 Frame: 79
 Time (ps):         320.000000  Step: 160000 Frame: 80
 Time (ps):         324.000000  Step: 162000 Frame: 81
 Time (ps):         328.000000  Step: 164000 Frame: 82
 Time (ps):         332.000000  Step: 166000 Frame: 83
 Time (ps):         336.000000  Step: 168000 Frame: 84
 Time (ps):         340.000000  Step: 170000 Frame: 85
 Time (ps):         344.000000  Step: 172000 Frame: 86
 Time (ps):         348.000000  Step: 174000 Frame: 87
 Time (ps):         352.000000  Step: 176000 Frame: 88
 Time (ps):         356.000000  Step: 178000 Frame: 89
 Time (ps):         360.000000  Step: 180000 Frame: 90
 Time (ps):         364.000000  Step: 182000 Frame: 91
 Time (ps):         368.000000  Step: 184000 Frame: 92
 Time (ps):         372.000000  Step: 186000 Frame: 93
 Time (ps):         376.000000  Step: 188000 Frame: 94
 Time (ps):         380.000000  Step: 190000 Frame: 95
 Time (ps):         384.000000  Step: 192000 Frame: 96
 Time (ps):         388.000000  Step: 194000 Frame: 97
 Time (ps):         392.000000  Step: 196000 Frame: 98
 Time (ps):         396.000000  Step: 198000 Frame: 99
 Time (ps):         400.000000  Step: 200000 Frame: 100
 Time (ps):         404.000000  Step: 202000 Frame: 101
 Time (ps):         408.000000  Step: 204000 Frame: 102
 Time (ps):         412.000000  Step: 206000 Frame: 103
 Time (ps):         416.000000  Step: 208000 Frame: 104
 Time (ps):         420.000000  Step: 210000 Frame: 105
 Time (ps):         424.000000  Step: 212000 Frame: 106
 Time (ps):         428.000000  Step: 214000 Frame: 107
 Time (ps):         432.000000  Step: 216000 Frame: 108
 Time (ps):         436.000000  Step: 218000 Frame: 109
 Time (ps):         440.000000  Step: 220000 Frame: 110
 Time (ps):         444.000000  Step: 222000 Frame: 111
 Time (ps):         448.000000  Step: 224000 Frame: 112
 Time (ps):         452.000000  Step: 226000 Frame: 113
 Time (ps):         456.000000  Step: 228000 Frame: 114
 Time (ps):         460.000000  Step: 230000 Frame: 115
 Time (ps):         464.000000  Step: 232000 Frame: 116
 Time (ps):         468.000000  Step: 234000 Frame: 117
 Time (ps):         472.000000  Step: 236000 Frame: 118
 Time (ps):         476.000000  Step: 238000 Frame: 119
 Time (ps):         480.000000  Step: 240000 Frame: 120
 Time (ps):         484.000000  Step: 242000 Frame: 121
 Time (ps):         488.000000  Step: 244000 Frame: 122
 Time (ps):         492.000000  Step: 246000 Frame: 123
 Time (ps):         496.000000  Step: 248000 Frame: 124
 Time (ps):         500.000000  Step: 250000 Frame: 125
 Time (ps):         504.000000  Step: 252000 Frame: 126
 Time (ps):         508.000000  Step: 254000 Frame: 127
 Time (ps):         512.000000  Step: 256000 Frame: 128
 Time (ps):         516.000000  Step: 258000 Frame: 129
 Time (ps):         520.000000  Step: 260000 Frame: 130
 Time (ps):         524.000000  Step: 262000 Frame: 131
 Time (ps):         528.000000  Step: 264000 Frame: 132
 Time (ps):         532.000000  Step: 266000 Frame: 133
 Time (ps):         536.000000  Step: 268000 Frame: 134
 Time (ps):         540.000000  Step: 270000 Frame: 135
 Time (ps):         544.000000  Step: 272000 Frame: 136
 Time (ps):         548.000000  Step: 274000 Frame: 137
 Time (ps):         552.000000  Step: 276000 Frame: 138
 Time (ps):         556.000000  Step: 278000 Frame: 139
 Time (ps):         560.000000  Step: 280000 Frame: 140
 Time (ps):         564.000000  Step: 282000 Frame: 141
 Time (ps):         568.000000  Step: 284000 Frame: 142
 Time (ps):         572.000000  Step: 286000 Frame: 143
 Time (ps):         576.000000  Step: 288000 Frame: 144
 Time (ps):         580.000000  Step: 290000 Frame: 145
 Time (ps):         584.000000  Step: 292000 Frame: 146
 Time (ps):         588.000000  Step: 294000 Frame: 147
 Time (ps):         592.000000  Step: 296000 Frame: 148
 Time (ps):         596.000000  Step: 298000 Frame: 149
 Time (ps):         600.000000  Step: 300000 Frame: 150
 Time (ps):         604.000000  Step: 302000 Frame: 151
 Time (ps):         608.000000  Step: 304000 Frame: 152
 Time (ps):         612.000000  Step: 306000 Frame: 153
 Time (ps):         616.000000  Step: 308000 Frame: 154
 Time (ps):         620.000000  Step: 310000 Frame: 155
 Time (ps):         624.000000  Step: 312000 Frame: 156
 Time (ps):         628.000000  Step: 314000 Frame: 157
 Time (ps):         632.000000  Step: 316000 Frame: 158
 Time (ps):         636.000000  Step: 318000 Frame: 159
 Time (ps):         640.000000  Step: 320000 Frame: 160
 Time (ps):         644.000000  Step: 322000 Frame: 161
 Time (ps):         648.000000  Step: 324000 Frame: 162
 Time (ps):         652.000000  Step: 326000 Frame: 163
 Time (ps):         656.000000  Step: 328000 Frame: 164
 Time (ps):         660.000000  Step: 330000 Frame: 165
 Time (ps):         664.000000  Step: 332000 Frame: 166
 Time (ps):         668.000000  Step: 334000 Frame: 167
 Time (ps):         672.000000  Step: 336000 Frame: 168
 Time (ps):         676.000000  Step: 338000 Frame: 169
 Time (ps):         680.000000  Step: 340000 Frame: 170
 Time (ps):         684.000000  Step: 342000 Frame: 171
 Time (ps):         688.000000  Step: 344000 Frame: 172
 Time (ps):         692.000000  Step: 346000 Frame: 173
 Time (ps):         696.000000  Step: 348000 Frame: 174
 Time (ps):         700.000000  Step: 350000 Frame: 175
 Time (ps):         704.000000  Step: 352000 Frame: 176
 Time (ps):         708.000000  Step: 354000 Frame: 177
 Time (ps):         712.000000  Step: 356000 Frame: 178
 Time (ps):         716.000000  Step: 358000 Frame: 179
 Time (ps):         720.000000  Step: 360000 Frame: 180
 Time (ps):         724.000000  Step: 362000 Frame: 181
 Time (ps):         728.000000  Step: 364000 Frame: 182
 Time (ps):         732.000000  Step: 366000 Frame: 183
 Time (ps):         736.000000  Step: 368000 Frame: 184
 Time (ps):         740.000000  Step: 370000 Frame: 185
 Time (ps):         744.000000  Step: 372000 Frame: 186
 Time (ps):         748.000000  Step: 374000 Frame: 187
 Time (ps):         752.000000  Step: 376000 Frame: 188
 Time (ps):         756.000000  Step: 378000 Frame: 189
 Time (ps):         760.000000  Step: 380000 Frame: 190
 Time (ps):         764.000000  Step: 382000 Frame: 191
 Time (ps):         768.000000  Step: 384000 Frame: 192
 Time (ps):         772.000000  Step: 386000 Frame: 193
 Time (ps):         776.000000  Step: 388000 Frame: 194
 Time (ps):         780.000000  Step: 390000 Frame: 195
 Time (ps):         784.000000  Step: 392000 Frame: 196
 Time (ps):         788.000000  Step: 394000 Frame: 197
 Time (ps):         792.000000  Step: 396000 Frame: 198
 Time (ps):         796.000000  Step: 398000 Frame: 199
 Time (ps):         800.000000  Step: 400000 Frame: 200
 Time (ps):         804.000000  Step: 402000 Frame: 201
 Time (ps):         808.000000  Step: 404000 Frame: 202
 Time (ps):         812.000000  Step: 406000 Frame: 203
 Time (ps):         816.000000  Step: 408000 Frame: 204
 Time (ps):         820.000000  Step: 410000 Frame: 205
 Time (ps):         824.000000  Step: 412000 Frame: 206
 Time (ps):         828.000000  Step: 414000 Frame: 207
 Time (ps):         832.000000  Step: 416000 Frame: 208
 Time (ps):         836.000000  Step: 418000 Frame: 209
 Time (ps):         840.000000  Step: 420000 Frame: 210
 Time (ps):         844.000000  Step: 422000 Frame: 211
 Time (ps):         848.000000  Step: 424000 Frame: 212
 Time (ps):         852.000000  Step: 426000 Frame: 213
 Time (ps):         856.000000  Step: 428000 Frame: 214
 Time (ps):         860.000000  Step: 430000 Frame: 215
 Time (ps):         864.000000  Step: 432000 Frame: 216
 Time (ps):         868.000000  Step: 434000 Frame: 217
 Time (ps):         872.000000  Step: 436000 Frame: 218
 Time (ps):         876.000000  Step: 438000 Frame: 219
 Time (ps):         880.000000  Step: 440000 Frame: 220
 Time (ps):         884.000000  Step: 442000 Frame: 221
 Time (ps):         888.000000  Step: 444000 Frame: 222
 Time (ps):         892.000000  Step: 446000 Frame: 223
 Time (ps):         896.000000  Step: 448000 Frame: 224
 Time (ps):         900.000000  Step: 450000 Frame: 225
 Time (ps):         904.000000  Step: 452000 Frame: 226
 Time (ps):         908.000000  Step: 454000 Frame: 227
 Time (ps):         912.000000  Step: 456000 Frame: 228
 Time (ps):         916.000000  Step: 458000 Frame: 229
 Time (ps):         920.000000  Step: 460000 Frame: 230
 Time (ps):         924.000000  Step: 462000 Frame: 231
 Time (ps):         928.000000  Step: 464000 Frame: 232
 Time (ps):         932.000000  Step: 466000 Frame: 233
 Time (ps):         936.000000  Step: 468000 Frame: 234
 Time (ps):         940.000000  Step: 470000 Frame: 235
 Time (ps):         944.000000  Step: 472000 Frame: 236
 Time (ps):         948.000000  Step: 474000 Frame: 237
 Time (ps):         952.000000  Step: 476000 Frame: 238
 Time (ps):         956.000000  Step: 478000 Frame: 239
 Time (ps):         960.000000  Step: 480000 Frame: 240
 Time (ps):         964.000000  Step: 482000 Frame: 241
 Time (ps):         968.000000  Step: 484000 Frame: 242
 Time (ps):         972.000000  Step: 486000 Frame: 243
 Time (ps):         976.000000  Step: 488000 Frame: 244
 Time (ps):         980.000000  Step: 490000 Frame: 245
 Time (ps):         984.000000  Step: 492000 Frame: 246
 Time (ps):         988.000000  Step: 494000 Frame: 247
 Time (ps):         992.000000  Step: 496000 Frame: 248
 Time (ps):         996.000000  Step: 498000 Frame: 249
 Time (ps):        1000.000000  Step: 500000 Frame: 250
 Time (ps):        1004.000000  Step: 502000 Frame: 251
 Time (ps):        1008.000000  Step: 504000 Frame: 252
 Time (ps):        1012.000000  Step: 506000 Frame: 253
 Time (ps):        1016.000000  Step: 508000 Frame: 254
 Time (ps):        1020.000000  Step: 510000 Frame: 255
 Time (ps):        1024.000000  Step: 512000 Frame: 256
 Time (ps):        1028.000000  Step: 514000 Frame: 257
 Time (ps):        1032.000000  Step: 516000 Frame: 258
 Time (ps):        1036.000000  Step: 518000 Frame: 259
 Time (ps):        1040.000000  Step: 520000 Frame: 260
 Time (ps):        1044.000000  Step: 522000 Frame: 261
 Time (ps):        1048.000000  Step: 524000 Frame: 262
 Time (ps):        1052.000000  Step: 526000 Frame: 263
 Time (ps):        1056.000000  Step: 528000 Frame: 264
 Time (ps):        1060.000000  Step: 530000 Frame: 265
 Time (ps):        1064.000000  Step: 532000 Frame: 266
 Time (ps):        1068.000000  Step: 534000 Frame: 267
 Time (ps):        1072.000000  Step: 536000 Frame: 268
 Time (ps):        1076.000000  Step: 538000 Frame: 269
 Time (ps):        1080.000000  Step: 540000 Frame: 270
 Time (ps):        1084.000000  Step: 542000 Frame: 271
 Time (ps):        1088.000000  Step: 544000 Frame: 272
 Time (ps):        1092.000000  Step: 546000 Frame: 273
 Time (ps):        1096.000000  Step: 548000 Frame: 274
 Time (ps):        1100.000000  Step: 550000 Frame: 275
 Time (ps):        1104.000000  Step: 552000 Frame: 276
 Time (ps):        1108.000000  Step: 554000 Frame: 277
 Time (ps):        1112.000000  Step: 556000 Frame: 278
 Time (ps):        1116.000000  Step: 558000 Frame: 279
 Time (ps):        1120.000000  Step: 560000 Frame: 280
 Time (ps):        1124.000000  Step: 562000 Frame: 281
 Time (ps):        1128.000000  Step: 564000 Frame: 282
 Time (ps):        1132.000000  Step: 566000 Frame: 283
 Time (ps):        1136.000000  Step: 568000 Frame: 284
 Time (ps):        1140.000000  Step: 570000 Frame: 285
 Time (ps):        1144.000000  Step: 572000 Frame: 286
 Time (ps):        1148.000000  Step: 574000 Frame: 287
 Time (ps):        1152.000000  Step: 576000 Frame: 288
 Time (ps):        1156.000000  Step: 578000 Frame: 289
 Time (ps):        1160.000000  Step: 580000 Frame: 290
 Time (ps):        1164.000000  Step: 582000 Frame: 291
 Time (ps):        1168.000000  Step: 584000 Frame: 292
 Time (ps):        1172.000000  Step: 586000 Frame: 293
 Time (ps):        1176.000000  Step: 588000 Frame: 294
 Time (ps):        1180.000000  Step: 590000 Frame: 295
 Time (ps):        1184.000000  Step: 592000 Frame: 296
 Time (ps):        1188.000000  Step: 594000 Frame: 297
 Time (ps):        1192.000000  Step: 596000 Frame: 298
 Time (ps):        1196.000000  Step: 598000 Frame: 299
 Time (ps):        1200.000000  Step: 600000 Frame: 300
 Time (ps):        1204.000000  Step: 602000 Frame: 301
 Time (ps):        1208.000000  Step: 604000 Frame: 302
 Time (ps):        1212.000000  Step: 606000 Frame: 303
 Time (ps):        1216.000000  Step: 608000 Frame: 304
 Time (ps):        1220.000000  Step: 610000 Frame: 305
 Time (ps):        1224.000000  Step: 612000 Frame: 306
 Time (ps):        1228.000000  Step: 614000 Frame: 307
 Time (ps):        1232.000000  Step: 616000 Frame: 308
 Time (ps):        1236.000000  Step: 618000 Frame: 309
 Time (ps):        1240.000000  Step: 620000 Frame: 310
 Time (ps):        1244.000000  Step: 622000 Frame: 311
 Time (ps):        1248.000000  Step: 624000 Frame: 312
 Time (ps):        1252.000000  Step: 626000 Frame: 313
 Time (ps):        1256.000000  Step: 628000 Frame: 314
 Time (ps):        1260.000000  Step: 630000 Frame: 315
 Time (ps):        1264.000000  Step: 632000 Frame: 316
 Time (ps):        1268.000000  Step: 634000 Frame: 317
 Time (ps):        1272.000000  Step: 636000 Frame: 318
 Time (ps):        1276.000000  Step: 638000 Frame: 319
 Time (ps):        1280.000000  Step: 640000 Frame: 320
 Time (ps):        1284.000000  Step: 642000 Frame: 321
 Time (ps):        1288.000000  Step: 644000 Frame: 322
 Time (ps):        1292.000000  Step: 646000 Frame: 323
 Time (ps):        1296.000000  Step: 648000 Frame: 324
 Time (ps):        1300.000000  Step: 650000 Frame: 325
 Time (ps):        1304.000000  Step: 652000 Frame: 326
 Time (ps):        1308.000000  Step: 654000 Frame: 327
 Time (ps):        1312.000000  Step: 656000 Frame: 328
 Time (ps):        1316.000000  Step: 658000 Frame: 329
 Time (ps):        1320.000000  Step: 660000 Frame: 330
 Time (ps):        1324.000000  Step: 662000 Frame: 331
 Time (ps):        1328.000000  Step: 664000 Frame: 332
 Time (ps):        1332.000000  Step: 666000 Frame: 333
 Time (ps):        1336.000000  Step: 668000 Frame: 334
 Time (ps):        1340.000000  Step: 670000 Frame: 335
 Time (ps):        1344.000000  Step: 672000 Frame: 336
 Time (ps):        1348.000000  Step: 674000 Frame: 337
 Time (ps):        1352.000000  Step: 676000 Frame: 338
 Time (ps):        1356.000000  Step: 678000 Frame: 339
 Time (ps):        1360.000000  Step: 680000 Frame: 340
 Time (ps):        1364.000000  Step: 682000 Frame: 341
 Time (ps):        1368.000000  Step: 684000 Frame: 342
 Time (ps):        1372.000000  Step: 686000 Frame: 343
 Time (ps):        1376.000000  Step: 688000 Frame: 344
 Time (ps):        1380.000000  Step: 690000 Frame: 345
 Time (ps):        1384.000000  Step: 692000 Frame: 346
 Time (ps):        1388.000000  Step: 694000 Frame: 347
 Time (ps):        1392.000000  Step: 696000 Frame: 348
 Time (ps):        1396.000000  Step: 698000 Frame: 349
 Time (ps):        1400.000000  Step: 700000 Frame: 350
 Time (ps):        1404.000000  Step: 702000 Frame: 351
 Time (ps):        1408.000000  Step: 704000 Frame: 352
 Time (ps):        1412.000000  Step: 706000 Frame: 353
 Time (ps):        1416.000000  Step: 708000 Frame: 354
 Time (ps):        1420.000000  Step: 710000 Frame: 355
 Time (ps):        1424.000000  Step: 712000 Frame: 356
 Time (ps):        1428.000000  Step: 714000 Frame: 357
 Time (ps):        1432.000000  Step: 716000 Frame: 358
 Time (ps):        1436.000000  Step: 718000 Frame: 359
 Time (ps):        1440.000000  Step: 720000 Frame: 360
 Time (ps):        1444.000000  Step: 722000 Frame: 361
 Time (ps):        1448.000000  Step: 724000 Frame: 362
 Time (ps):        1452.000000  Step: 726000 Frame: 363
 Time (ps):        1456.000000  Step: 728000 Frame: 364
 Time (ps):        1460.000000  Step: 730000 Frame: 365
 Time (ps):        1464.000000  Step: 732000 Frame: 366
 Time (ps):        1468.000000  Step: 734000 Frame: 367
 Time (ps):        1472.000000  Step: 736000 Frame: 368
 Time (ps):        1476.000000  Step: 738000 Frame: 369
 Time (ps):        1480.000000  Step: 740000 Frame: 370
 Time (ps):        1484.000000  Step: 742000 Frame: 371
 Time (ps):        1488.000000  Step: 744000 Frame: 372
 Time (ps):        1492.000000  Step: 746000 Frame: 373
 Time (ps):        1496.000000  Step: 748000 Frame: 374
 Time (ps):        1500.000000  Step: 750000 Frame: 375
 Time (ps):        1504.000000  Step: 752000 Frame: 376
 Time (ps):        1508.000000  Step: 754000 Frame: 377
 Time (ps):        1512.000000  Step: 756000 Frame: 378
 Time (ps):        1516.000000  Step: 758000 Frame: 379
 Time (ps):        1520.000000  Step: 760000 Frame: 380
 Time (ps):        1524.000000  Step: 762000 Frame: 381
 Time (ps):        1528.000000  Step: 764000 Frame: 382
 Time (ps):        1532.000000  Step: 766000 Frame: 383
 Time (ps):        1536.000000  Step: 768000 Frame: 384
 Time (ps):        1540.000000  Step: 770000 Frame: 385
 Time (ps):        1544.000000  Step: 772000 Frame: 386
 Time (ps):        1548.000000  Step: 774000 Frame: 387
 Time (ps):        1552.000000  Step: 776000 Frame: 388
 Time (ps):        1556.000000  Step: 778000 Frame: 389
 Time (ps):        1560.000000  Step: 780000 Frame: 390
 Time (ps):        1564.000000  Step: 782000 Frame: 391
 Time (ps):        1568.000000  Step: 784000 Frame: 392
 Time (ps):        1572.000000  Step: 786000 Frame: 393
 Time (ps):        1576.000000  Step: 788000 Frame: 394
 Time (ps):        1580.000000  Step: 790000 Frame: 395
 Time (ps):        1584.000000  Step: 792000 Frame: 396
 Time (ps):        1588.000000  Step: 794000 Frame: 397
 Time (ps):        1592.000000  Step: 796000 Frame: 398
 Time (ps):        1596.000000  Step: 798000 Frame: 399
 Time (ps):        1600.000000  Step: 800000 Frame: 400
 Time (ps):        1604.000000  Step: 802000 Frame: 401
 Time (ps):        1608.000000  Step: 804000 Frame: 402
 Time (ps):        1612.000000  Step: 806000 Frame: 403
 Time (ps):        1616.000000  Step: 808000 Frame: 404
 Time (ps):        1620.000000  Step: 810000 Frame: 405
 Time (ps):        1624.000000  Step: 812000 Frame: 406
 Time (ps):        1628.000000  Step: 814000 Frame: 407
 Time (ps):        1632.000000  Step: 816000 Frame: 408
 Time (ps):        1636.000000  Step: 818000 Frame: 409
 Time (ps):        1640.000000  Step: 820000 Frame: 410
 Time (ps):        1644.000000  Step: 822000 Frame: 411
 Time (ps):        1648.000000  Step: 824000 Frame: 412
 Time (ps):        1652.000000  Step: 826000 Frame: 413
 Time (ps):        1656.000000  Step: 828000 Frame: 414
 Time (ps):        1660.000000  Step: 830000 Frame: 415
 Time (ps):        1664.000000  Step: 832000 Frame: 416
 Time (ps):        1668.000000  Step: 834000 Frame: 417
 Time (ps):        1672.000000  Step: 836000 Frame: 418
 Time (ps):        1676.000000  Step: 838000 Frame: 419
 Time (ps):        1680.000000  Step: 840000 Frame: 420
 Time (ps):        1684.000000  Step: 842000 Frame: 421
 Time (ps):        1688.000000  Step: 844000 Frame: 422
 Time (ps):        1692.000000  Step: 846000 Frame: 423
 Time (ps):        1696.000000  Step: 848000 Frame: 424
 Time (ps):        1700.000000  Step: 850000 Frame: 425
 Time (ps):        1704.000000  Step: 852000 Frame: 426
 Time (ps):        1708.000000  Step: 854000 Frame: 427
 Time (ps):        1712.000000  Step: 856000 Frame: 428
 Time (ps):        1716.000000  Step: 858000 Frame: 429
 Time (ps):        1720.000000  Step: 860000 Frame: 430
 Time (ps):        1724.000000  Step: 862000 Frame: 431
 Time (ps):        1728.000000  Step: 864000 Frame: 432
 Time (ps):        1732.000000  Step: 866000 Frame: 433
 Time (ps):        1736.000000  Step: 868000 Frame: 434
 Time (ps):        1740.000000  Step: 870000 Frame: 435
 Time (ps):        1744.000000  Step: 872000 Frame: 436
 Time (ps):        1748.000000  Step: 874000 Frame: 437
 Time (ps):        1752.000000  Step: 876000 Frame: 438
 Time (ps):        1756.000000  Step: 878000 Frame: 439
 Time (ps):        1760.000000  Step: 880000 Frame: 440
 Time (ps):        1764.000000  Step: 882000 Frame: 441
 Time (ps):        1768.000000  Step: 884000 Frame: 442
 Time (ps):        1772.000000  Step: 886000 Frame: 443
 Time (ps):        1776.000000  Step: 888000 Frame: 444
 Time (ps):        1780.000000  Step: 890000 Frame: 445
 Time (ps):        1784.000000  Step: 892000 Frame: 446
 Time (ps):        1788.000000  Step: 894000 Frame: 447
 Time (ps):        1792.000000  Step: 896000 Frame: 448
 Time (ps):        1796.000000  Step: 898000 Frame: 449
 Time (ps):        1800.000000  Step: 900000 Frame: 450
 Time (ps):        1804.000000  Step: 902000 Frame: 451
 Time (ps):        1808.000000  Step: 904000 Frame: 452
 Time (ps):        1812.000000  Step: 906000 Frame: 453
 Time (ps):        1816.000000  Step: 908000 Frame: 454
 Time (ps):        1820.000000  Step: 910000 Frame: 455
 Time (ps):        1824.000000  Step: 912000 Frame: 456
 Time (ps):        1828.000000  Step: 914000 Frame: 457
 Time (ps):        1832.000000  Step: 916000 Frame: 458
 Time (ps):        1836.000000  Step: 918000 Frame: 459
 Time (ps):        1840.000000  Step: 920000 Frame: 460
 Time (ps):        1844.000000  Step: 922000 Frame: 461
 Time (ps):        1848.000000  Step: 924000 Frame: 462
 Time (ps):        1852.000000  Step: 926000 Frame: 463
 Time (ps):        1856.000000  Step: 928000 Frame: 464
 Time (ps):        1860.000000  Step: 930000 Frame: 465
 Time (ps):        1864.000000  Step: 932000 Frame: 466
 Time (ps):        1868.000000  Step: 934000 Frame: 467
 Time (ps):        1872.000000  Step: 936000 Frame: 468
 Time (ps):        1876.000000  Step: 938000 Frame: 469
 Time (ps):        1880.000000  Step: 940000 Frame: 470
 Time (ps):        1884.000000  Step: 942000 Frame: 471
 Time (ps):        1888.000000  Step: 944000 Frame: 472
 Time (ps):        1892.000000  Step: 946000 Frame: 473
 Time (ps):        1896.000000  Step: 948000 Frame: 474
 Time (ps):        1900.000000  Step: 950000 Frame: 475
 Time (ps):        1904.000000  Step: 952000 Frame: 476
 Time (ps):        1908.000000  Step: 954000 Frame: 477
 Time (ps):        1912.000000  Step: 956000 Frame: 478
 Time (ps):        1916.000000  Step: 958000 Frame: 479
 Time (ps):        1920.000000  Step: 960000 Frame: 480
 Time (ps):        1924.000000  Step: 962000 Frame: 481
 Time (ps):        1928.000000  Step: 964000 Frame: 482
 Time (ps):        1932.000000  Step: 966000 Frame: 483
 Time (ps):        1936.000000  Step: 968000 Frame: 484
 Time (ps):        1940.000000  Step: 970000 Frame: 485
 Time (ps):        1944.000000  Step: 972000 Frame: 486
 Time (ps):        1948.000000  Step: 974000 Frame: 487
 Time (ps):        1952.000000  Step: 976000 Frame: 488
 Time (ps):        1956.000000  Step: 978000 Frame: 489
 Time (ps):        1960.000000  Step: 980000 Frame: 490
 Time (ps):        1964.000000  Step: 982000 Frame: 491
 Time (ps):        1968.000000  Step: 984000 Frame: 492
 Time (ps):        1972.000000  Step: 986000 Frame: 493
 Time (ps):        1976.000000  Step: 988000 Frame: 494
 Time (ps):        1980.000000  Step: 990000 Frame: 495
 Time (ps):        1984.000000  Step: 992000 Frame: 496
 Time (ps):        1988.000000  Step: 994000 Frame: 497
 Time (ps):        1992.000000  Step: 996000 Frame: 498
 Time (ps):        1996.000000  Step: 998000 Frame: 499
 Time (ps):        2000.000000  Step: 1000000 Frame: 500
 Time (ps):        2004.000000  Step: 1002000 Frame: 501
 Time (ps):        2008.000000  Step: 1004000 Frame: 502
 Time (ps):        2012.000000  Step: 1006000 Frame: 503
 Time (ps):        2016.000000  Step: 1008000 Frame: 504
 Time (ps):        2020.000000  Step: 1010000 Frame: 505
 Time (ps):        2024.000000  Step: 1012000 Frame: 506
 Time (ps):        2028.000000  Step: 1014000 Frame: 507
 Time (ps):        2032.000000  Step: 1016000 Frame: 508
 Time (ps):        2036.000000  Step: 1018000 Frame: 509
 Time (ps):        2040.000000  Step: 1020000 Frame: 510
 Time (ps):        2044.000000  Step: 1022000 Frame: 511
 Time (ps):        2048.000000  Step: 1024000 Frame: 512
 Time (ps):        2052.000000  Step: 1026000 Frame: 513
 Time (ps):        2056.000000  Step: 1028000 Frame: 514
 Time (ps):        2060.000000  Step: 1030000 Frame: 515
 Time (ps):        2064.000000  Step: 1032000 Frame: 516
 Time (ps):        2068.000000  Step: 1034000 Frame: 517
 Time (ps):        2072.000000  Step: 1036000 Frame: 518
 Time (ps):        2076.000000  Step: 1038000 Frame: 519
 Time (ps):        2080.000000  Step: 1040000 Frame: 520
 Time (ps):        2084.000000  Step: 1042000 Frame: 521
 Time (ps):        2088.000000  Step: 1044000 Frame: 522
 Time (ps):        2092.000000  Step: 1046000 Frame: 523
 Time (ps):        2096.000000  Step: 1048000 Frame: 524
 Time (ps):        2100.000000  Step: 1050000 Frame: 525
 Time (ps):        2104.000000  Step: 1052000 Frame: 526
 Time (ps):        2108.000000  Step: 1054000 Frame: 527
 Time (ps):        2112.000000  Step: 1056000 Frame: 528
 Time (ps):        2116.000000  Step: 1058000 Frame: 529
 Time (ps):        2120.000000  Step: 1060000 Frame: 530
 Time (ps):        2124.000000  Step: 1062000 Frame: 531
 Time (ps):        2128.000000  Step: 1064000 Frame: 532
 Time (ps):        2132.000000  Step: 1066000 Frame: 533
 Time (ps):        2136.000000  Step: 1068000 Frame: 534
 Time (ps):        2140.000000  Step: 1070000 Frame: 535
 Time (ps):        2144.000000  Step: 1072000 Frame: 536
 Time (ps):        2148.000000  Step: 1074000 Frame: 537
 Time (ps):        2152.000000  Step: 1076000 Frame: 538
 Time (ps):        2156.000000  Step: 1078000 Frame: 539
 Time (ps):        2160.000000  Step: 1080000 Frame: 540
 Time (ps):        2164.000000  Step: 1082000 Frame: 541
 Time (ps):        2168.000000  Step: 1084000 Frame: 542
 Time (ps):        2172.000000  Step: 1086000 Frame: 543
 Time (ps):        2176.000000  Step: 1088000 Frame: 544
 Time (ps):        2180.000000  Step: 1090000 Frame: 545
 Time (ps):        2184.000000  Step: 1092000 Frame: 546
 Time (ps):        2188.000000  Step: 1094000 Frame: 547
 Time (ps):        2192.000000  Step: 1096000 Frame: 548
 Time (ps):        2196.000000  Step: 1098000 Frame: 549
 Time (ps):        2200.000000  Step: 1100000 Frame: 550
 Time (ps):        2204.000000  Step: 1102000 Frame: 551
 Time (ps):        2208.000000  Step: 1104000 Frame: 552
 Time (ps):        2212.000000  Step: 1106000 Frame: 553
 Time (ps):        2216.000000  Step: 1108000 Frame: 554
 Time (ps):        2220.000000  Step: 1110000 Frame: 555
 Time (ps):        2224.000000  Step: 1112000 Frame: 556
 Time (ps):        2228.000000  Step: 1114000 Frame: 557
 Time (ps):        2232.000000  Step: 1116000 Frame: 558
 Time (ps):        2236.000000  Step: 1118000 Frame: 559
 Time (ps):        2240.000000  Step: 1120000 Frame: 560
 Time (ps):        2244.000000  Step: 1122000 Frame: 561
 Time (ps):        2248.000000  Step: 1124000 Frame: 562
 Time (ps):        2252.000000  Step: 1126000 Frame: 563
 Time (ps):        2256.000000  Step: 1128000 Frame: 564
 Time (ps):        2260.000000  Step: 1130000 Frame: 565
 Time (ps):        2264.000000  Step: 1132000 Frame: 566
 Time (ps):        2268.000000  Step: 1134000 Frame: 567
 Time (ps):        2272.000000  Step: 1136000 Frame: 568
 Time (ps):        2276.000000  Step: 1138000 Frame: 569
 Time (ps):        2280.000000  Step: 1140000 Frame: 570
 Time (ps):        2284.000000  Step: 1142000 Frame: 571
 Time (ps):        2288.000000  Step: 1144000 Frame: 572
 Time (ps):        2292.000000  Step: 1146000 Frame: 573
 Time (ps):        2296.000000  Step: 1148000 Frame: 574
 Time (ps):        2300.000000  Step: 1150000 Frame: 575
 Time (ps):        2304.000000  Step: 1152000 Frame: 576
 Time (ps):        2308.000000  Step: 1154000 Frame: 577
 Time (ps):        2312.000000  Step: 1156000 Frame: 578
 Time (ps):        2316.000000  Step: 1158000 Frame: 579
 Time (ps):        2320.000000  Step: 1160000 Frame: 580
 Time (ps):        2324.000000  Step: 1162000 Frame: 581
 Time (ps):        2328.000000  Step: 1164000 Frame: 582
 Time (ps):        2332.000000  Step: 1166000 Frame: 583
 Time (ps):        2336.000000  Step: 1168000 Frame: 584
 Time (ps):        2340.000000  Step: 1170000 Frame: 585
 Time (ps):        2344.000000  Step: 1172000 Frame: 586
 Time (ps):        2348.000000  Step: 1174000 Frame: 587
 Time (ps):        2352.000000  Step: 1176000 Frame: 588
 Time (ps):        2356.000000  Step: 1178000 Frame: 589
 Time (ps):        2360.000000  Step: 1180000 Frame: 590
 Time (ps):        2364.000000  Step: 1182000 Frame: 591
 Time (ps):        2368.000000  Step: 1184000 Frame: 592
 Time (ps):        2372.000000  Step: 1186000 Frame: 593
 Time (ps):        2376.000000  Step: 1188000 Frame: 594
 Time (ps):        2380.000000  Step: 1190000 Frame: 595
 Time (ps):        2384.000000  Step: 1192000 Frame: 596
 Time (ps):        2388.000000  Step: 1194000 Frame: 597
 Time (ps):        2392.000000  Step: 1196000 Frame: 598
 Time (ps):        2396.000000  Step: 1198000 Frame: 599
 Time (ps):        2400.000000  Step: 1200000 Frame: 600
 Time (ps):        2404.000000  Step: 1202000 Frame: 601
 Time (ps):        2408.000000  Step: 1204000 Frame: 602
 Time (ps):        2412.000000  Step: 1206000 Frame: 603
 Time (ps):        2416.000000  Step: 1208000 Frame: 604
 Time (ps):        2420.000000  Step: 1210000 Frame: 605
 Time (ps):        2424.000000  Step: 1212000 Frame: 606
 Time (ps):        2428.000000  Step: 1214000 Frame: 607
 Time (ps):        2432.000000  Step: 1216000 Frame: 608
 Time (ps):        2436.000000  Step: 1218000 Frame: 609
 Time (ps):        2440.000000  Step: 1220000 Frame: 610
 Time (ps):        2444.000000  Step: 1222000 Frame: 611
 Time (ps):        2448.000000  Step: 1224000 Frame: 612
 Time (ps):        2452.000000  Step: 1226000 Frame: 613
 Time (ps):        2456.000000  Step: 1228000 Frame: 614
 Time (ps):        2460.000000  Step: 1230000 Frame: 615
 Time (ps):        2464.000000  Step: 1232000 Frame: 616
 Time (ps):        2468.000000  Step: 1234000 Frame: 617
 Time (ps):        2472.000000  Step: 1236000 Frame: 618
 Time (ps):        2476.000000  Step: 1238000 Frame: 619
 Time (ps):        2480.000000  Step: 1240000 Frame: 620
 Time (ps):        2484.000000  Step: 1242000 Frame: 621
 Time (ps):        2488.000000  Step: 1244000 Frame: 622
 Time (ps):        2492.000000  Step: 1246000 Frame: 623
 Time (ps):        2496.000000  Step: 1248000 Frame: 624
 Time (ps):        2500.000000  Step: 1250000 Frame: 625
 Time (ps):        2504.000000  Step: 1252000 Frame: 626
 Time (ps):        2508.000000  Step: 1254000 Frame: 627
 Time (ps):        2512.000000  Step: 1256000 Frame: 628
 Time (ps):        2516.000000  Step: 1258000 Frame: 629
 Time (ps):        2520.000000  Step: 1260000 Frame: 630
 Time (ps):        2524.000000  Step: 1262000 Frame: 631
 Time (ps):        2528.000000  Step: 1264000 Frame: 632
 Time (ps):        2532.000000  Step: 1266000 Frame: 633
 Time (ps):        2536.000000  Step: 1268000 Frame: 634
 Time (ps):        2540.000000  Step: 1270000 Frame: 635
 Time (ps):        2544.000000  Step: 1272000 Frame: 636
 Time (ps):        2548.000000  Step: 1274000 Frame: 637
 Time (ps):        2552.000000  Step: 1276000 Frame: 638
 Time (ps):        2556.000000  Step: 1278000 Frame: 639
 Time (ps):        2560.000000  Step: 1280000 Frame: 640
 Time (ps):        2564.000000  Step: 1282000 Frame: 641
 Time (ps):        2568.000000  Step: 1284000 Frame: 642
 Time (ps):        2572.000000  Step: 1286000 Frame: 643
 Time (ps):        2576.000000  Step: 1288000 Frame: 644
 Time (ps):        2580.000000  Step: 1290000 Frame: 645
 Time (ps):        2584.000000  Step: 1292000 Frame: 646
 Time (ps):        2588.000000  Step: 1294000 Frame: 647
 Time (ps):        2592.000000  Step: 1296000 Frame: 648
 Time (ps):        2596.000000  Step: 1298000 Frame: 649
 Time (ps):        2600.000000  Step: 1300000 Frame: 650
 Time (ps):        2604.000000  Step: 1302000 Frame: 651
 Time (ps):        2608.000000  Step: 1304000 Frame: 652
 Time (ps):        2612.000000  Step: 1306000 Frame: 653
 Time (ps):        2616.000000  Step: 1308000 Frame: 654
 Time (ps):        2620.000000  Step: 1310000 Frame: 655
 Time (ps):        2624.000000  Step: 1312000 Frame: 656
 Time (ps):        2628.000000  Step: 1314000 Frame: 657
 Time (ps):        2632.000000  Step: 1316000 Frame: 658
 Time (ps):        2636.000000  Step: 1318000 Frame: 659
 Time (ps):        2640.000000  Step: 1320000 Frame: 660
 Time (ps):        2644.000000  Step: 1322000 Frame: 661
 Time (ps):        2648.000000  Step: 1324000 Frame: 662
 Time (ps):        2652.000000  Step: 1326000 Frame: 663
 Time (ps):        2656.000000  Step: 1328000 Frame: 664
 Time (ps):        2660.000000  Step: 1330000 Frame: 665
 Time (ps):        2664.000000  Step: 1332000 Frame: 666
 Time (ps):        2668.000000  Step: 1334000 Frame: 667
 Time (ps):        2672.000000  Step: 1336000 Frame: 668
 Time (ps):        2676.000000  Step: 1338000 Frame: 669
 Time (ps):        2680.000000  Step: 1340000 Frame: 670
 Time (ps):        2684.000000  Step: 1342000 Frame: 671
 Time (ps):        2688.000000  Step: 1344000 Frame: 672
 Time (ps):        2692.000000  Step: 1346000 Frame: 673
 Time (ps):        2696.000000  Step: 1348000 Frame: 674
 Time (ps):        2700.000000  Step: 1350000 Frame: 675
 Time (ps):        2704.000000  Step: 1352000 Frame: 676
 Time (ps):        2708.000000  Step: 1354000 Frame: 677
 Time (ps):        2712.000000  Step: 1356000 Frame: 678
 Time (ps):        2716.000000  Step: 1358000 Frame: 679
 Time (ps):        2720.000000  Step: 1360000 Frame: 680
 Time (ps):        2724.000000  Step: 1362000 Frame: 681
 Time (ps):        2728.000000  Step: 1364000 Frame: 682
 Time (ps):        2732.000000  Step: 1366000 Frame: 683
 Time (ps):        2736.000000  Step: 1368000 Frame: 684
 Time (ps):        2740.000000  Step: 1370000 Frame: 685
 Time (ps):        2744.000000  Step: 1372000 Frame: 686
 Time (ps):        2748.000000  Step: 1374000 Frame: 687
 Time (ps):        2752.000000  Step: 1376000 Frame: 688
 Time (ps):        2756.000000  Step: 1378000 Frame: 689
 Time (ps):        2760.000000  Step: 1380000 Frame: 690
 Time (ps):        2764.000000  Step: 1382000 Frame: 691
 Time (ps):        2768.000000  Step: 1384000 Frame: 692
 Time (ps):        2772.000000  Step: 1386000 Frame: 693
 Time (ps):        2776.000000  Step: 1388000 Frame: 694
 Time (ps):        2780.000000  Step: 1390000 Frame: 695
 Time (ps):        2784.000000  Step: 1392000 Frame: 696
 Time (ps):        2788.000000  Step: 1394000 Frame: 697
 Time (ps):        2792.000000  Step: 1396000 Frame: 698
 Time (ps):        2796.000000  Step: 1398000 Frame: 699
 Time (ps):        2800.000000  Step: 1400000 Frame: 700
 Time (ps):        2804.000000  Step: 1402000 Frame: 701
 Time (ps):        2808.000000  Step: 1404000 Frame: 702
 Time (ps):        2812.000000  Step: 1406000 Frame: 703
 Time (ps):        2816.000000  Step: 1408000 Frame: 704
 Time (ps):        2820.000000  Step: 1410000 Frame: 705
 Time (ps):        2824.000000  Step: 1412000 Frame: 706
 Time (ps):        2828.000000  Step: 1414000 Frame: 707
 Time (ps):        2832.000000  Step: 1416000 Frame: 708
 Time (ps):        2836.000000  Step: 1418000 Frame: 709
 Time (ps):        2840.000000  Step: 1420000 Frame: 710
 Time (ps):        2844.000000  Step: 1422000 Frame: 711
 Time (ps):        2848.000000  Step: 1424000 Frame: 712
 Time (ps):        2852.000000  Step: 1426000 Frame: 713
 Time (ps):        2856.000000  Step: 1428000 Frame: 714
 Time (ps):        2860.000000  Step: 1430000 Frame: 715
 Time (ps):        2864.000000  Step: 1432000 Frame: 716
 Time (ps):        2868.000000  Step: 1434000 Frame: 717
 Time (ps):        2872.000000  Step: 1436000 Frame: 718
 Time (ps):        2876.000000  Step: 1438000 Frame: 719
 Time (ps):        2880.000000  Step: 1440000 Frame: 720
 Time (ps):        2884.000000  Step: 1442000 Frame: 721
 Time (ps):        2888.000000  Step: 1444000 Frame: 722
 Time (ps):        2892.000000  Step: 1446000 Frame: 723
 Time (ps):        2896.000000  Step: 1448000 Frame: 724
 Time (ps):        2900.000000  Step: 1450000 Frame: 725
 Time (ps):        2904.000000  Step: 1452000 Frame: 726
 Time (ps):        2908.000000  Step: 1454000 Frame: 727
 Time (ps):        2912.000000  Step: 1456000 Frame: 728
 Time (ps):        2916.000000  Step: 1458000 Frame: 729
 Time (ps):        2920.000000  Step: 1460000 Frame: 730
 Time (ps):        2924.000000  Step: 1462000 Frame: 731
 Time (ps):        2928.000000  Step: 1464000 Frame: 732
 Time (ps):        2932.000000  Step: 1466000 Frame: 733
 Time (ps):        2936.000000  Step: 1468000 Frame: 734
 Time (ps):        2940.000000  Step: 1470000 Frame: 735
 Time (ps):        2944.000000  Step: 1472000 Frame: 736
 Time (ps):        2948.000000  Step: 1474000 Frame: 737
 Time (ps):        2952.000000  Step: 1476000 Frame: 738
 Time (ps):        2956.000000  Step: 1478000 Frame: 739
 Time (ps):        2960.000000  Step: 1480000 Frame: 740
 Time (ps):        2964.000000  Step: 1482000 Frame: 741
 Time (ps):        2968.000000  Step: 1484000 Frame: 742
 Time (ps):        2972.000000  Step: 1486000 Frame: 743
 Time (ps):        2976.000000  Step: 1488000 Frame: 744
 Time (ps):        2980.000000  Step: 1490000 Frame: 745
 Time (ps):        2984.000000  Step: 1492000 Frame: 746
 Time (ps):        2988.000000  Step: 1494000 Frame: 747
 Time (ps):        2992.000000  Step: 1496000 Frame: 748
 Time (ps):        2996.000000  Step: 1498000 Frame: 749
 Time (ps):        3000.000000  Step: 1500000 Frame: 750
 Time (ps):        3004.000000  Step: 1502000 Frame: 751
 Time (ps):        3008.000000  Step: 1504000 Frame: 752
 Time (ps):        3012.000000  Step: 1506000 Frame: 753
 Time (ps):        3016.000000  Step: 1508000 Frame: 754
 Time (ps):        3020.000000  Step: 1510000 Frame: 755
 Time (ps):        3024.000000  Step: 1512000 Frame: 756
 Time (ps):        3028.000000  Step: 1514000 Frame: 757
 Time (ps):        3032.000000  Step: 1516000 Frame: 758
 Time (ps):        3036.000000  Step: 1518000 Frame: 759
 Time (ps):        3040.000000  Step: 1520000 Frame: 760
 Time (ps):        3044.000000  Step: 1522000 Frame: 761
 Time (ps):        3048.000000  Step: 1524000 Frame: 762
 Time (ps):        3052.000000  Step: 1526000 Frame: 763
 Time (ps):        3056.000000  Step: 1528000 Frame: 764
 Time (ps):        3060.000000  Step: 1530000 Frame: 765
 Time (ps):        3064.000000  Step: 1532000 Frame: 766
 Time (ps):        3068.000000  Step: 1534000 Frame: 767
 Time (ps):        3072.000000  Step: 1536000 Frame: 768
 Time (ps):        3076.000000  Step: 1538000 Frame: 769
 Time (ps):        3080.000000  Step: 1540000 Frame: 770
 Time (ps):        3084.000000  Step: 1542000 Frame: 771
 Time (ps):        3088.000000  Step: 1544000 Frame: 772
 Time (ps):        3092.000000  Step: 1546000 Frame: 773
 Time (ps):        3096.000000  Step: 1548000 Frame: 774
 Time (ps):        3100.000000  Step: 1550000 Frame: 775
 Time (ps):        3104.000000  Step: 1552000 Frame: 776
 Time (ps):        3108.000000  Step: 1554000 Frame: 777
 Time (ps):        3112.000000  Step: 1556000 Frame: 778
 Time (ps):        3116.000000  Step: 1558000 Frame: 779
 Time (ps):        3120.000000  Step: 1560000 Frame: 780
 Time (ps):        3124.000000  Step: 1562000 Frame: 781
 Time (ps):        3128.000000  Step: 1564000 Frame: 782
 Time (ps):        3132.000000  Step: 1566000 Frame: 783
 Time (ps):        3136.000000  Step: 1568000 Frame: 784
 Time (ps):        3140.000000  Step: 1570000 Frame: 785
 Time (ps):        3144.000000  Step: 1572000 Frame: 786
 Time (ps):        3148.000000  Step: 1574000 Frame: 787
 Time (ps):        3152.000000  Step: 1576000 Frame: 788
 Time (ps):        3156.000000  Step: 1578000 Frame: 789
 Time (ps):        3160.000000  Step: 1580000 Frame: 790
 Time (ps):        3164.000000  Step: 1582000 Frame: 791
 Time (ps):        3168.000000  Step: 1584000 Frame: 792
 Time (ps):        3172.000000  Step: 1586000 Frame: 793
 Time (ps):        3176.000000  Step: 1588000 Frame: 794
 Time (ps):        3180.000000  Step: 1590000 Frame: 795
 Time (ps):        3184.000000  Step: 1592000 Frame: 796
 Time (ps):        3188.000000  Step: 1594000 Frame: 797
 Time (ps):        3192.000000  Step: 1596000 Frame: 798
 Time (ps):        3196.000000  Step: 1598000 Frame: 799
 Time (ps):        3200.000000  Step: 1600000 Frame: 800
 Time (ps):        3204.000000  Step: 1602000 Frame: 801
 Time (ps):        3208.000000  Step: 1604000 Frame: 802
 Time (ps):        3212.000000  Step: 1606000 Frame: 803
 Time (ps):        3216.000000  Step: 1608000 Frame: 804
 Time (ps):        3220.000000  Step: 1610000 Frame: 805
 Time (ps):        3224.000000  Step: 1612000 Frame: 806
 Time (ps):        3228.000000  Step: 1614000 Frame: 807
 Time (ps):        3232.000000  Step: 1616000 Frame: 808
 Time (ps):        3236.000000  Step: 1618000 Frame: 809
 Time (ps):        3240.000000  Step: 1620000 Frame: 810
 Time (ps):        3244.000000  Step: 1622000 Frame: 811
 Time (ps):        3248.000000  Step: 1624000 Frame: 812
 Time (ps):        3252.000000  Step: 1626000 Frame: 813
 Time (ps):        3256.000000  Step: 1628000 Frame: 814
 Time (ps):        3260.000000  Step: 1630000 Frame: 815
 Time (ps):        3264.000000  Step: 1632000 Frame: 816
 Time (ps):        3268.000000  Step: 1634000 Frame: 817
 Time (ps):        3272.000000  Step: 1636000 Frame: 818
 Time (ps):        3276.000000  Step: 1638000 Frame: 819
 Time (ps):        3280.000000  Step: 1640000 Frame: 820
 Time (ps):        3284.000000  Step: 1642000 Frame: 821
 Time (ps):        3288.000000  Step: 1644000 Frame: 822
 Time (ps):        3292.000000  Step: 1646000 Frame: 823
 Time (ps):        3296.000000  Step: 1648000 Frame: 824
 Time (ps):        3300.000000  Step: 1650000 Frame: 825
 Time (ps):        3304.000000  Step: 1652000 Frame: 826
 Time (ps):        3308.000000  Step: 1654000 Frame: 827
 Time (ps):        3312.000000  Step: 1656000 Frame: 828
 Time (ps):        3316.000000  Step: 1658000 Frame: 829
 Time (ps):        3320.000000  Step: 1660000 Frame: 830
 Time (ps):        3324.000000  Step: 1662000 Frame: 831
 Time (ps):        3328.000000  Step: 1664000 Frame: 832
 Time (ps):        3332.000000  Step: 1666000 Frame: 833
 Time (ps):        3336.000000  Step: 1668000 Frame: 834
 Time (ps):        3340.000000  Step: 1670000 Frame: 835
 Time (ps):        3344.000000  Step: 1672000 Frame: 836
 Time (ps):        3348.000000  Step: 1674000 Frame: 837
 Time (ps):        3352.000000  Step: 1676000 Frame: 838
 Time (ps):        3356.000000  Step: 1678000 Frame: 839
 Time (ps):        3360.000000  Step: 1680000 Frame: 840
 Time (ps):        3364.000000  Step: 1682000 Frame: 841
 Time (ps):        3368.000000  Step: 1684000 Frame: 842
 Time (ps):        3372.000000  Step: 1686000 Frame: 843
 Time (ps):        3376.000000  Step: 1688000 Frame: 844
 Time (ps):        3380.000000  Step: 1690000 Frame: 845
 Time (ps):        3384.000000  Step: 1692000 Frame: 846
 Time (ps):        3388.000000  Step: 1694000 Frame: 847
 Time (ps):        3392.000000  Step: 1696000 Frame: 848
 Time (ps):        3396.000000  Step: 1698000 Frame: 849
 Time (ps):        3400.000000  Step: 1700000 Frame: 850
 Time (ps):        3404.000000  Step: 1702000 Frame: 851
 Time (ps):        3408.000000  Step: 1704000 Frame: 852
 Time (ps):        3412.000000  Step: 1706000 Frame: 853
 Time (ps):        3416.000000  Step: 1708000 Frame: 854
 Time (ps):        3420.000000  Step: 1710000 Frame: 855
 Time (ps):        3424.000000  Step: 1712000 Frame: 856
 Time (ps):        3428.000000  Step: 1714000 Frame: 857
 Time (ps):        3432.000000  Step: 1716000 Frame: 858
 Time (ps):        3436.000000  Step: 1718000 Frame: 859
 Time (ps):        3440.000000  Step: 1720000 Frame: 860
 Time (ps):        3444.000000  Step: 1722000 Frame: 861
 Time (ps):        3448.000000  Step: 1724000 Frame: 862
 Time (ps):        3452.000000  Step: 1726000 Frame: 863
 Time (ps):        3456.000000  Step: 1728000 Frame: 864
 Time (ps):        3460.000000  Step: 1730000 Frame: 865
 Time (ps):        3464.000000  Step: 1732000 Frame: 866
 Time (ps):        3468.000000  Step: 1734000 Frame: 867
 Time (ps):        3472.000000  Step: 1736000 Frame: 868
 Time (ps):        3476.000000  Step: 1738000 Frame: 869
 Time (ps):        3480.000000  Step: 1740000 Frame: 870
 Time (ps):        3484.000000  Step: 1742000 Frame: 871
 Time (ps):        3488.000000  Step: 1744000 Frame: 872
 Time (ps):        3492.000000  Step: 1746000 Frame: 873
 Time (ps):        3496.000000  Step: 1748000 Frame: 874
 Time (ps):        3500.000000  Step: 1750000 Frame: 875
 Time (ps):        3504.000000  Step: 1752000 Frame: 876
 Time (ps):        3508.000000  Step: 1754000 Frame: 877
 Time (ps):        3512.000000  Step: 1756000 Frame: 878
 Time (ps):        3516.000000  Step: 1758000 Frame: 879
 Time (ps):        3520.000000  Step: 1760000 Frame: 880
 Time (ps):        3524.000000  Step: 1762000 Frame: 881
 Time (ps):        3528.000000  Step: 1764000 Frame: 882
 Time (ps):        3532.000000  Step: 1766000 Frame: 883
 Time (ps):        3536.000000  Step: 1768000 Frame: 884
 Time (ps):        3540.000000  Step: 1770000 Frame: 885
 Time (ps):        3544.000000  Step: 1772000 Frame: 886
 Time (ps):        3548.000000  Step: 1774000 Frame: 887
 Time (ps):        3552.000000  Step: 1776000 Frame: 888
 Time (ps):        3556.000000  Step: 1778000 Frame: 889
 Time (ps):        3560.000000  Step: 1780000 Frame: 890
 Time (ps):        3564.000000  Step: 1782000 Frame: 891
 Time (ps):        3568.000000  Step: 1784000 Frame: 892
 Time (ps):        3572.000000  Step: 1786000 Frame: 893
 Time (ps):        3576.000000  Step: 1788000 Frame: 894
 Time (ps):        3580.000000  Step: 1790000 Frame: 895
 Time (ps):        3584.000000  Step: 1792000 Frame: 896
 Time (ps):        3588.000000  Step: 1794000 Frame: 897
 Time (ps):        3592.000000  Step: 1796000 Frame: 898
 Time (ps):        3596.000000  Step: 1798000 Frame: 899
 Time (ps):        3600.000000  Step: 1800000 Frame: 900
 Time (ps):        3604.000000  Step: 1802000 Frame: 901
 Time (ps):        3608.000000  Step: 1804000 Frame: 902
 Time (ps):        3612.000000  Step: 1806000 Frame: 903
 Time (ps):        3616.000000  Step: 1808000 Frame: 904
 Time (ps):        3620.000000  Step: 1810000 Frame: 905
 Time (ps):        3624.000000  Step: 1812000 Frame: 906
 Time (ps):        3628.000000  Step: 1814000 Frame: 907
 Time (ps):        3632.000000  Step: 1816000 Frame: 908
 Time (ps):        3636.000000  Step: 1818000 Frame: 909
 Time (ps):        3640.000000  Step: 1820000 Frame: 910
 Time (ps):        3644.000000  Step: 1822000 Frame: 911
 Time (ps):        3648.000000  Step: 1824000 Frame: 912
 Time (ps):        3652.000000  Step: 1826000 Frame: 913
 Time (ps):        3656.000000  Step: 1828000 Frame: 914
 Time (ps):        3660.000000  Step: 1830000 Frame: 915
 Time (ps):        3664.000000  Step: 1832000 Frame: 916
 Time (ps):        3668.000000  Step: 1834000 Frame: 917
 Time (ps):        3672.000000  Step: 1836000 Frame: 918
 Time (ps):        3676.000000  Step: 1838000 Frame: 919
 Time (ps):        3680.000000  Step: 1840000 Frame: 920
 Time (ps):        3684.000000  Step: 1842000 Frame: 921
 Time (ps):        3688.000000  Step: 1844000 Frame: 922
 Time (ps):        3692.000000  Step: 1846000 Frame: 923
 Time (ps):        3696.000000  Step: 1848000 Frame: 924
 Time (ps):        3700.000000  Step: 1850000 Frame: 925
 Time (ps):        3704.000000  Step: 1852000 Frame: 926
 Time (ps):        3708.000000  Step: 1854000 Frame: 927
 Time (ps):        3712.000000  Step: 1856000 Frame: 928
 Time (ps):        3716.000000  Step: 1858000 Frame: 929
 Time (ps):        3720.000000  Step: 1860000 Frame: 930
 Time (ps):        3724.000000  Step: 1862000 Frame: 931
 Time (ps):        3728.000000  Step: 1864000 Frame: 932
 Time (ps):        3732.000000  Step: 1866000 Frame: 933
 Time (ps):        3736.000000  Step: 1868000 Frame: 934
 Time (ps):        3740.000000  Step: 1870000 Frame: 935
 Time (ps):        3744.000000  Step: 1872000 Frame: 936
 Time (ps):        3748.000000  Step: 1874000 Frame: 937
 Time (ps):        3752.000000  Step: 1876000 Frame: 938
 Time (ps):        3756.000000  Step: 1878000 Frame: 939
 Time (ps):        3760.000000  Step: 1880000 Frame: 940
 Time (ps):        3764.000000  Step: 1882000 Frame: 941
 Time (ps):        3768.000000  Step: 1884000 Frame: 942
 Time (ps):        3772.000000  Step: 1886000 Frame: 943
 Time (ps):        3776.000000  Step: 1888000 Frame: 944
 Time (ps):        3780.000000  Step: 1890000 Frame: 945
 Time (ps):        3784.000000  Step: 1892000 Frame: 946
 Time (ps):        3788.000000  Step: 1894000 Frame: 947
 Time (ps):        3792.000000  Step: 1896000 Frame: 948
 Time (ps):        3796.000000  Step: 1898000 Frame: 949
 Time (ps):        3800.000000  Step: 1900000 Frame: 950
 Time (ps):        3804.000000  Step: 1902000 Frame: 951
 Time (ps):        3808.000000  Step: 1904000 Frame: 952
 Time (ps):        3812.000000  Step: 1906000 Frame: 953
 Time (ps):        3816.000000  Step: 1908000 Frame: 954
 Time (ps):        3820.000000  Step: 1910000 Frame: 955
 Time (ps):        3824.000000  Step: 1912000 Frame: 956
 Time (ps):        3828.000000  Step: 1914000 Frame: 957
 Time (ps):        3832.000000  Step: 1916000 Frame: 958
 Time (ps):        3836.000000  Step: 1918000 Frame: 959
 Time (ps):        3840.000000  Step: 1920000 Frame: 960
 Time (ps):        3844.000000  Step: 1922000 Frame: 961
 Time (ps):        3848.000000  Step: 1924000 Frame: 962
 Time (ps):        3852.000000  Step: 1926000 Frame: 963
 Time (ps):        3856.000000  Step: 1928000 Frame: 964
 Time (ps):        3860.000000  Step: 1930000 Frame: 965
 Time (ps):        3864.000000  Step: 1932000 Frame: 966
 Time (ps):        3868.000000  Step: 1934000 Frame: 967
 Time (ps):        3872.000000  Step: 1936000 Frame: 968
 Time (ps):        3876.000000  Step: 1938000 Frame: 969
 Time (ps):        3880.000000  Step: 1940000 Frame: 970
 Time (ps):        3884.000000  Step: 1942000 Frame: 971
 Time (ps):        3888.000000  Step: 1944000 Frame: 972
 Time (ps):        3892.000000  Step: 1946000 Frame: 973
 Time (ps):        3896.000000  Step: 1948000 Frame: 974
 Time (ps):        3900.000000  Step: 1950000 Frame: 975
 Time (ps):        3904.000000  Step: 1952000 Frame: 976
 Time (ps):        3908.000000  Step: 1954000 Frame: 977
 Time (ps):        3912.000000  Step: 1956000 Frame: 978
 Time (ps):        3916.000000  Step: 1958000 Frame: 979
 Time (ps):        3920.000000  Step: 1960000 Frame: 980
 Time (ps):        3924.000000  Step: 1962000 Frame: 981
 Time (ps):        3928.000000  Step: 1964000 Frame: 982
 Time (ps):        3932.000000  Step: 1966000 Frame: 983
 Time (ps):        3936.000000  Step: 1968000 Frame: 984
 Time (ps):        3940.000000  Step: 1970000 Frame: 985
 Time (ps):        3944.000000  Step: 1972000 Frame: 986
 Time (ps):        3948.000000  Step: 1974000 Frame: 987
 Time (ps):        3952.000000  Step: 1976000 Frame: 988
 Time (ps):        3956.000000  Step: 1978000 Frame: 989
 Time (ps):        3960.000000  Step: 1980000 Frame: 990
 Time (ps):        3964.000000  Step: 1982000 Frame: 991
 Time (ps):        3968.000000  Step: 1984000 Frame: 992
 Time (ps):        3972.000000  Step: 1986000 Frame: 993
 Time (ps):        3976.000000  Step: 1988000 Frame: 994
 Time (ps):        3980.000000  Step: 1990000 Frame: 995
 Time (ps):        3984.000000  Step: 1992000 Frame: 996
 Time (ps):        3988.000000  Step: 1994000 Frame: 997
 Time (ps):        3992.000000  Step: 1996000 Frame: 998
 Time (ps):        3996.000000  Step: 1998000 Frame: 999
 We have taken into account         1000 frames, from frame            0  to frame          999  with stride            1
 We have calculated some hydration parameters. See: hin_structure.out.cryo
