   5.75000001E-03   0.00000000    
   1.72499996E-02   0.00000000    
   2.87500005E-02   0.00000000    
   4.02499996E-02   0.00000000    
   5.17500006E-02   0.00000000    
   6.32499978E-02   0.00000000    
   7.47499987E-02   0.00000000    
   8.62499997E-02   0.00000000    
   9.77500007E-02   0.00000000    
  0.109250002       0.00000000    
  0.120750003       0.00000000    
  0.132249996       0.00000000    
  0.143749997       0.00000000    
  0.155249998       0.00000000    
  0.166749999       0.00000000    
  0.178250000       0.00000000    
  0.189750001       0.00000000    
  0.201250002       0.00000000    
  0.212750003       0.00000000    
  0.224250004       0.00000000    
  0.235750005       0.00000000    
  0.247250006       0.00000000    
  0.258749992       0.00000000    
  0.270249993       8.75524902    
  0.281749994       0.00000000    
  0.293249995       0.00000000    
  0.304749995       2.29504538    
  0.316249996       0.00000000    
  0.327749997       1.98423588    
  0.339249998       1.85199142    
  0.350749999       0.00000000    
  0.362250000       0.00000000    
  0.373750001       0.00000000    
  0.385250002       1.43612885    
  0.396750003       2.70816302    
  0.408250004       1.27886963    
  0.419750005       2.41950917    
  0.431250006       0.00000000    
  0.442750007       1.08733046    
  0.454250008       0.00000000    
  0.465750009      0.982591331    
  0.477250010       2.80742431    
  0.488750011      0.892288148    
  0.500249982      0.851735055    
  0.511749983      0.813884854    
  0.523249984       3.11401176    
  0.534749985       0.00000000    
  0.546249986      0.714324892    
  0.557749987      0.685171902    
  0.569249988      0.657767832    
  0.580749989      0.631975532    
  0.592249990      0.607671082    
  0.603749990      0.584742129    
  0.615249991       1.12617385    
  0.626749992       1.08522546    
  0.638249993       1.56970596    
  0.649749994      0.504877627    
  0.661249995       1.46240795    
  0.672749996      0.470946163    
  0.684249997      0.910498142    
  0.695749998       0.00000000    
  0.707249999       1.27836251    
  0.718750000      0.412594050    
  0.730250001       1.99850655    
  0.741750002      0.387403518    
  0.753250003       3.00531769    
  0.764750004      0.728902936    
  0.776250005       1.41493142    
  0.787750006      0.686960638    
  0.799250007       0.00000000    
  0.810750008      0.324268520    
  0.822250009       2.52209187    
  0.833750010      0.919873774    
  0.845250010      0.596675634    
  0.856750011      0.871147513    
  0.868250012       1.41370595    
  0.879750013      0.275397569    
  0.891250014       1.34168196    
  0.902750015       1.04617333    
  0.914250016       1.53003013    
  0.925750017       1.24354422    
  0.937250018      0.970571995    
  0.948750019       1.18398201    
  0.960250020      0.231158584    
  0.971750021       1.12859869    
  0.983250022       1.10235322    
  0.994750023       1.29241514    
   1.00625002      0.631521463    
   1.01775002       1.64621449    
   1.02925003      0.804816604    
   1.04075003      0.590346575    
   1.05225003       1.73254025    
   1.06375003       1.13018823    
   1.07525003       1.29049933    
   1.08675003      0.360951930    
   1.09825003      0.530148447    
   1.10975003      0.692290425    
   1.12125003       1.01724362    
   1.13275003       1.16280937    
   1.14425004       0.00000000    
