   5.75000001E-03           0
   1.72499996E-02           0
   2.87500005E-02           0
   4.02499996E-02           0
   5.17500006E-02           0
   6.32499978E-02           0
   7.47499987E-02           0
   8.62499997E-02           0
   9.77500007E-02           0
  0.109250002               0
  0.120750003               0
  0.132249996               0
  0.143749997               0
  0.155249998               0
  0.166749999               0
  0.178250000               0
  0.189750001               0
  0.201250002               0
  0.212750003               0
  0.224250004               0
  0.235750005               0
  0.247250006               0
  0.258749992               0
  0.270249993               0
  0.281749994               2
  0.293249995               1
  0.304749995               0
  0.316249996               0
  0.327749997               0
  0.339249998               0
  0.350749999               0
  0.362250000               1
  0.373750001               0
  0.385250002               0
  0.396750003               0
  0.408250004               2
  0.419750005               1
  0.431250006               0
  0.442750007               2
  0.454250008               0
  0.465750009               2
  0.477250010               2
  0.488750011               0
  0.500249982               1
  0.511749983               1
  0.523249984               1
  0.534749985               1
  0.546249986               2
  0.557749987               2
  0.569249988               3
  0.580749989               1
  0.592249990               4
  0.603749990               3
  0.615249991               1
  0.626749992               0
  0.638249993               3
  0.649749994               3
  0.661249995               2
  0.672749996               0
  0.684249997               3
  0.695749998               0
  0.707249999               1
  0.718750000               3
  0.730250001               5
  0.741750002               1
  0.753250003               4
  0.764750004               4
  0.776250005               1
  0.787750006               2
  0.799250007               3
  0.810750008               5
  0.822250009               2
  0.833750010               3
  0.845250010               2
  0.856750011               4
  0.868250012               3
  0.879750013               4
  0.891250014               5
  0.902750015               3
  0.914250016               4
  0.925750017               5
  0.937250018               6
  0.948750019               4
  0.960250020               4
  0.971750021               3
  0.983250022               6
  0.994750023               6
   1.00625002               7
   1.01775002               2
   1.02925003               4
   1.04075003               6
   1.05225003               3
   1.06375003               4
   1.07525003               2
   1.08675003              11
   1.09825003              10
   1.10975003               8
   1.12125003               3
   1.13275003               5
   1.14425004               8
