 Time (ps):        9636.000000  Step: 4818000 Frame: 0
 Time (ps):        9640.000000  Step: 4820000 Frame: 1
 Time (ps):        9644.000000  Step: 4822000 Frame: 2
 Time (ps):        9648.000000  Step: 4824000 Frame: 3
 Time (ps):        9652.000000  Step: 4826000 Frame: 4
 Time (ps):        9656.000000  Step: 4828000 Frame: 5
 Time (ps):        9660.000000  Step: 4830000 Frame: 6
 Time (ps):        9664.000000  Step: 4832000 Frame: 7
 Time (ps):        9668.000000  Step: 4834000 Frame: 8
 Time (ps):        9672.000000  Step: 4836000 Frame: 9
 Time (ps):        9676.000000  Step: 4838000 Frame: 10
 Time (ps):        9680.000000  Step: 4840000 Frame: 11
 Time (ps):        9684.000000  Step: 4842000 Frame: 12
 Time (ps):        9688.000000  Step: 4844000 Frame: 13
 Time (ps):        9692.000000  Step: 4846000 Frame: 14
 Time (ps):        9696.000000  Step: 4848000 Frame: 15
 Time (ps):        9700.000000  Step: 4850000 Frame: 16
 Time (ps):        9704.000000  Step: 4852000 Frame: 17
 Time (ps):        9708.000000  Step: 4854000 Frame: 18
 Time (ps):        9712.000000  Step: 4856000 Frame: 19
 Time (ps):        9716.000000  Step: 4858000 Frame: 20
 Time (ps):        9720.000000  Step: 4860000 Frame: 21
 Time (ps):        9724.000000  Step: 4862000 Frame: 22
 Time (ps):        9728.000000  Step: 4864000 Frame: 23
 Time (ps):        9732.000000  Step: 4866000 Frame: 24
 Time (ps):        9736.000000  Step: 4868000 Frame: 25
 Time (ps):        9740.000000  Step: 4870000 Frame: 26
 Time (ps):        9744.000000  Step: 4872000 Frame: 27
 Time (ps):        9748.000000  Step: 4874000 Frame: 28
 Time (ps):        9752.000000  Step: 4876000 Frame: 29
 Time (ps):        9756.000000  Step: 4878000 Frame: 30
 Time (ps):        9760.000000  Step: 4880000 Frame: 31
 Time (ps):        9764.000000  Step: 4882000 Frame: 32
 Time (ps):        9768.000000  Step: 4884000 Frame: 33
 Time (ps):        9772.000000  Step: 4886000 Frame: 34
 Time (ps):        9776.000000  Step: 4888000 Frame: 35
 Time (ps):        9780.000000  Step: 4890000 Frame: 36
 Time (ps):        9784.000000  Step: 4892000 Frame: 37
 Time (ps):        9788.000000  Step: 4894000 Frame: 38
 Time (ps):        9792.000000  Step: 4896000 Frame: 39
 Time (ps):        9796.000000  Step: 4898000 Frame: 40
 Time (ps):        9800.000000  Step: 4900000 Frame: 41
 Time (ps):        9804.000000  Step: 4902000 Frame: 42
 Time (ps):        9808.000000  Step: 4904000 Frame: 43
 Time (ps):        9812.000000  Step: 4906000 Frame: 44
 Time (ps):        9816.000000  Step: 4908000 Frame: 45
 Time (ps):        9820.000000  Step: 4910000 Frame: 46
 Time (ps):        9824.000000  Step: 4912000 Frame: 47
 Time (ps):        9828.000000  Step: 4914000 Frame: 48
 Time (ps):        9832.000000  Step: 4916000 Frame: 49
 Time (ps):        9836.000000  Step: 4918000 Frame: 50
 Time (ps):        9840.000000  Step: 4920000 Frame: 51
 Time (ps):        9844.000000  Step: 4922000 Frame: 52
 Time (ps):        9848.000000  Step: 4924000 Frame: 53
 Time (ps):        9852.000000  Step: 4926000 Frame: 54
 Time (ps):        9856.000000  Step: 4928000 Frame: 55
 Time (ps):        9860.000000  Step: 4930000 Frame: 56
 Time (ps):        9864.000000  Step: 4932000 Frame: 57
 Time (ps):        9868.000000  Step: 4934000 Frame: 58
 Time (ps):        9872.000000  Step: 4936000 Frame: 59
 Time (ps):        9876.000000  Step: 4938000 Frame: 60
 Time (ps):        9880.000000  Step: 4940000 Frame: 61
 Time (ps):        9884.000000  Step: 4942000 Frame: 62
 Time (ps):        9888.000000  Step: 4944000 Frame: 63
 Time (ps):        9892.000000  Step: 4946000 Frame: 64
 Time (ps):        9896.000000  Step: 4948000 Frame: 65
 Time (ps):        9900.000000  Step: 4950000 Frame: 66
 Time (ps):        9904.000000  Step: 4952000 Frame: 67
 Time (ps):        9908.000000  Step: 4954000 Frame: 68
 Time (ps):        9912.000000  Step: 4956000 Frame: 69
 Time (ps):        9916.000000  Step: 4958000 Frame: 70
 Time (ps):        9920.000000  Step: 4960000 Frame: 71
 Time (ps):        9924.000000  Step: 4962000 Frame: 72
 Time (ps):        9928.000000  Step: 4964000 Frame: 73
 Time (ps):        9932.000000  Step: 4966000 Frame: 74
 Time (ps):        9936.000000  Step: 4968000 Frame: 75
 Time (ps):        9940.000000  Step: 4970000 Frame: 76
 Time (ps):        9944.000000  Step: 4972000 Frame: 77
 Time (ps):        9948.000000  Step: 4974000 Frame: 78
 Time (ps):        9952.000000  Step: 4976000 Frame: 79
 Time (ps):        9956.000000  Step: 4978000 Frame: 80
 Time (ps):        9960.000000  Step: 4980000 Frame: 81
 Time (ps):        9964.000000  Step: 4982000 Frame: 82
 Time (ps):        9968.000000  Step: 4984000 Frame: 83
 Time (ps):        9972.000000  Step: 4986000 Frame: 84
 Time (ps):        9976.000000  Step: 4988000 Frame: 85
 Time (ps):        9980.000000  Step: 4990000 Frame: 86
 Time (ps):        9984.000000  Step: 4992000 Frame: 87
 Time (ps):        9988.000000  Step: 4994000 Frame: 88
 Time (ps):        9992.000000  Step: 4996000 Frame: 89
 Time (ps):        9996.000000  Step: 4998000 Frame: 90
 Time (ps):       10000.000000  Step: 5000000 Frame: 91
 Time (ps):       10004.000000  Step: 5002000 Frame: 92
 Time (ps):       10008.000000  Step: 5004000 Frame: 93
 Time (ps):       10012.000000  Step: 5006000 Frame: 94
 Time (ps):       10016.000000  Step: 5008000 Frame: 95
 Time (ps):       10020.000000  Step: 5010000 Frame: 96
 Time (ps):       10024.000000  Step: 5012000 Frame: 97
 Time (ps):       10028.000000  Step: 5014000 Frame: 98
 Time (ps):       10032.000000  Step: 5016000 Frame: 99
 We have taken into account          100 frames, from frame            0  to frame           99  with stride            1
 We have written a subset of the original .xtc trajectory. See: hin_structure.out.xtc
 We have calculated some radial distribution functions. See: hin_structure.out.radial
