 Time (ps):         308.000000  Step: 154000 Frame: 0
 Time (ps):        6288.000000  Step: 3144000 Frame: 10
 Time (ps):       15512.000000  Step: 7756000 Frame: 20
 Time (ps):       29648.000000  Step: 14824000 Frame: 30
 Time (ps):       34140.000000  Step: 17070000 Frame: 40
 Time (ps):       38664.000000  Step: 19332000 Frame: 50
 Time (ps):       46412.000000  Step: 23206000 Frame: 60
 Time (ps):       49660.000000  Step: 24830000 Frame: 70
 Time (ps):       52140.000000  Step: 26070000 Frame: 80
 Time (ps):       54680.000000  Step: 27340000 Frame: 90
 Time (ps):       60364.000000  Step: 30182000 Frame: 100
 Time (ps):       67960.000000  Step: 33980000 Frame: 110
 Time (ps):       75612.000000  Step: 37806000 Frame: 120
 Time (ps):       80468.000000  Step: 40234000 Frame: 130
 Time (ps):       85168.000000  Step: 42584000 Frame: 140
 Time (ps):       87784.000000  Step: 43892000 Frame: 150
 Time (ps):       92056.000000  Step: 46028000 Frame: 160
 Time (ps):       95488.000000  Step: 47744000 Frame: 170
 Time (ps):      100116.000000  Step: 50058000 Frame: 180
 Time (ps):      104008.000000  Step: 52004000 Frame: 190
 Time (ps):      107336.000000  Step: 53668000 Frame: 200
 Time (ps):      110032.000000  Step: 55016000 Frame: 210
 Time (ps):      115292.000000  Step: 57646000 Frame: 220
 Time (ps):      118596.000000  Step: 59298000 Frame: 230
 Time (ps):      121852.000000  Step: 60926000 Frame: 240
 Time (ps):      125564.000000  Step: 62782000 Frame: 250
 Time (ps):      129392.000000  Step: 64696000 Frame: 260
 Time (ps):      132828.000000  Step: 66414000 Frame: 270
 Time (ps):      139720.000000  Step: 69860000 Frame: 280
 Time (ps):      147324.000000  Step: 73662000 Frame: 290
 Time (ps):      155392.000000  Step: 77696000 Frame: 300
 Time (ps):      158412.000000  Step: 79206000 Frame: 310
 Time (ps):      162476.000000  Step: 81238000 Frame: 320
 Time (ps):      167888.000000  Step: 83944000 Frame: 330
 Time (ps):      170432.000000  Step: 85216000 Frame: 340
 Time (ps):      172604.000000  Step: 86302000 Frame: 350
 Time (ps):      175948.000000  Step: 87974000 Frame: 360
 Time (ps):      181356.000000  Step: 90678000 Frame: 370
 Time (ps):      183416.000000  Step: 91708000 Frame: 380
 Time (ps):      186540.000000  Step: 93270000 Frame: 390
 Time (ps):      191272.000000  Step: 95636000 Frame: 400
 Time (ps):      193472.000000  Step: 96736000 Frame: 410
 Time (ps):      196992.000000  Step: 98496000 Frame: 420
 Time (ps):      200120.000000  Step: 100060000 Frame: 430
 Time (ps):      203028.000000  Step: 101514000 Frame: 440
 Time (ps):      213804.000000  Step: 106902000 Frame: 450
 Time (ps):      220772.000000  Step: 110386000 Frame: 460
 Time (ps):      223588.000000  Step: 111794000 Frame: 470
 Time (ps):      230248.000000  Step: 115124000 Frame: 480
 Time (ps):      232304.000000  Step: 116152000 Frame: 490
 Time (ps):      233512.000000  Step: 116756000 Frame: 500
 Time (ps):      238016.000000  Step: 119008000 Frame: 510
 Time (ps):      244424.000000  Step: 122212000 Frame: 520
 Time (ps):      250460.000000  Step: 125230000 Frame: 530
 Time (ps):      254836.000000  Step: 127418000 Frame: 540
 Time (ps):      262040.000000  Step: 131020000 Frame: 550
 Time (ps):      271044.000000  Step: 135522000 Frame: 560
 Time (ps):      277480.000000  Step: 138740000 Frame: 570
 Time (ps):      284992.000000  Step: 142496000 Frame: 580
 Time (ps):      290844.000000  Step: 145422000 Frame: 590
 Time (ps):      297532.000000  Step: 148766000 Frame: 600
 Time (ps):      299504.000000  Step: 149752000 Frame: 610
 Time (ps):      303400.000000  Step: 151700000 Frame: 620
 Time (ps):      305192.000000  Step: 152596000 Frame: 630
 Time (ps):      310696.000000  Step: 155348000 Frame: 640
 Time (ps):      313080.000000  Step: 156540000 Frame: 650
 Time (ps):      318560.000000  Step: 159280000 Frame: 660
 Time (ps):      321996.000000  Step: 160998000 Frame: 670
 Time (ps):      327560.000000  Step: 163780000 Frame: 680
 Time (ps):      333176.000000  Step: 166588000 Frame: 690
 Time (ps):      340188.000000  Step: 170094000 Frame: 700
 Time (ps):      347304.000000  Step: 173652000 Frame: 710
 Time (ps):      350260.000000  Step: 175130000 Frame: 720
 Time (ps):      357492.000000  Step: 178746000 Frame: 730
 Time (ps):      360880.000000  Step: 180440000 Frame: 740
 Time (ps):      364716.000000  Step: 182358000 Frame: 750
 Time (ps):      367624.000000  Step: 183812000 Frame: 760
 Time (ps):      373848.000000  Step: 186924000 Frame: 770
 Time (ps):      378896.000000  Step: 189448000 Frame: 780
 Time (ps):      381044.000000  Step: 190522000 Frame: 790
 Time (ps):      387828.000000  Step: 193914000 Frame: 800
 Time (ps):      394712.000000  Step: 197356000 Frame: 810
 Time (ps):      398928.000000  Step: 199464000 Frame: 820
 Time (ps):      401428.000000  Step: 200714000 Frame: 830
 Time (ps):      406816.000000  Step: 203408000 Frame: 840
 Time (ps):      410764.000000  Step: 205382000 Frame: 850
 Time (ps):      415976.000000  Step: 207988000 Frame: 860
 Time (ps):      423124.000000  Step: 211562000 Frame: 870
 Time (ps):      425600.000000  Step: 212800000 Frame: 880
 Time (ps):      427968.000000  Step: 213984000 Frame: 890
 Time (ps):      435004.000000  Step: 217502000 Frame: 900
 Time (ps):      439960.000000  Step: 219980000 Frame: 910
 Time (ps):      446136.000000  Step: 223068000 Frame: 920
 Time (ps):      451708.000000  Step: 225854000 Frame: 930
 Time (ps):      457600.000000  Step: 228800000 Frame: 940
 Time (ps):      462188.000000  Step: 231094000 Frame: 950
 Time (ps):      467224.000000  Step: 233612000 Frame: 960
 Time (ps):      472688.000000  Step: 236344000 Frame: 970
 Time (ps):      481984.000000  Step: 240992000 Frame: 980
 Time (ps):      487416.000000  Step: 243708000 Frame: 990
 We have taken into account          100 frames, from frame            0  to frame          999  with stride           10
 We have written a subset of the original .xtc trajectory. See: hin_structure.out.xtc
 We have computed the number density profile along z. See: hin_structure.out.zdens
 We have            4 atomic species, namely O3  H3' OW  HW1 
 We have          128 O3  
 We have          128 H3' 
 We have         4752 OW  
 We have         9504 HW1 
